#
# A fatal error has been detected by the Java Runtime Environment:
#
#  SIGSEGV (0xb) at pc=0x00000001051e15ac, pid=14206, tid=27651
#
# JRE version: OpenJDK Runtime Environment Zulu15.40+19-CA (15.0.7+4) (build 15.0.7+4-MTS)
# Java VM: OpenJDK 64-Bit Server VM Zulu15.40+19-CA (15.0.7+4-MTS, mixed mode, tiered, compressed oops, g1 gc, bsd-aarch64)
# Problematic frame:
# C  [Python3+0x1495ac]  collect+0x200
#
# No core dump will be written. Core dumps have been disabled. To enable core dumping, try "ulimit -c unlimited" before starting Java again
#
# If you would like to submit a bug report, please visit:
#   http://www.azul.com/support/
# The crash happened outside the Java Virtual Machine in native code.
# See problematic frame for where to report the bug.
#

---------------  S U M M A R Y ------------

Command Line: -Dfile.encoding=UTF8 -ea -Xmx1024m 

Host: MacBookPro18,3 arm64 1 MHz, 8 cores, 16G, Darwin 21.3.0
Time: Sat Aug  6 15:05:15 2022 KST elapsed time: 0.097560 seconds (0d 0h 0m 0s)

---------------  T H R E A D  ---------------

Current thread (0x0000000119d8c600):  JavaThread "Python Reference Queue" daemon [_thread_in_native, id=27651, stack(0x0000000296628000,0x000000029682b000)]

Stack: [0x0000000296628000,0x000000029682b000],  sp=0x000000029682a790,  free space=2057k
Native frames: (J=compiled Java code, A=aot compiled Java code, j=interpreted, Vv=VM code, C=native code)
C  [Python3+0x1495ac]  collect+0x200
C  [Python3+0x149310]  PyGC_Collect+0x78
C  [_jpype.cpython-38-darwin.so+0x1c5dc]  _ZN19JPGarbageCollection9triggeredEv+0x38
C  [_jpype.cpython-38-darwin.so+0x28e10]  Java_org_jpype_ref_JPypeReferenceNative_wake+0x1c
j  org.jpype.ref.JPypeReferenceNative.wake()V+0
j  org.jpype.ref.JPypeReferenceQueue$Worker.run()V+42
j  java.lang.Thread.run()V+11 java.base@15.0.7
v  ~StubRoutines::call_stub
V  [libjvm.dylib+0x3e00a4]  _ZN9JavaCalls11call_helperEP9JavaValueRK12methodHandleP17JavaCallArgumentsP6Thread+0x324
V  [libjvm.dylib+0x3df17c]  _ZN9JavaCalls12call_virtualEP9JavaValueP5KlassP6SymbolS5_P17JavaCallArgumentsP6Thread+0xf8
V  [libjvm.dylib+0x3df244]  _ZN9JavaCalls12call_virtualEP9JavaValue6HandleP5KlassP6SymbolS6_P6Thread+0x64
V  [libjvm.dylib+0x48e83c]  _ZL12thread_entryP10JavaThreadP6Thread+0xbc
V  [libjvm.dylib+0x8cb660]  _ZN10JavaThread17thread_main_innerEv+0xa0
V  [libjvm.dylib+0x8c8b5c]  _ZN6Thread8call_runEv+0x88
V  [libjvm.dylib+0x711b78]  _ZL19thread_native_entryP6Thread+0x1d0
C  [libsystem_pthread.dylib+0x7240]  _pthread_start+0x94

Java frames: (J=compiled Java code, j=interpreted, Vv=VM code)
j  org.jpype.ref.JPypeReferenceNative.wake()V+0
j  org.jpype.ref.JPypeReferenceQueue$Worker.run()V+42
j  java.lang.Thread.run()V+11 java.base@15.0.7
v  ~StubRoutines::call_stub

siginfo: si_signo: 11 (SIGSEGV), si_code: 2 (SEGV_ACCERR), si_addr: 0x00000001696193a8

Register to memory mapping:

 x0=0x0000000175a6bc90 points into unknown readable memory: 0x000000010532c960 | 60 c9 32 05 01 00 00 00
 x1=0x000000029682a8f8 is pointing into the stack for thread: 0x0000000119d8c600
 x2=0x000000029682a8f0 is pointing into the stack for thread: 0x0000000119d8c600
 x3=0x0 is NULL
 x4=0x0000000000008c03 is an unknown value
 x5=0x0 is NULL
 x6=0x0000000000000001 is an unknown value
 x7=0x00000000004c3ba0 is an unknown value
 x8=