#
# A fatal error has been detected by the Java Runtime Environment:
#
#  SIGSEGV (0xb) at pc=0x00000001a7f6fee4, pid=13333, tid=39939
#
# JRE version: OpenJDK Runtime Environment Zulu15.40+19-CA (15.0.7+4) (build 15.0.7+4-MTS)
# Java VM: OpenJDK 64-Bit Server VM Zulu15.40+19-CA (15.0.7+4-MTS, mixed mode, tiered, compressed oops, g1 gc, bsd-aarch64)
# Problematic frame:
# C  [libsystem_platform.dylib+0x3ee4]  _platform_memset+0xa4
#
# No core dump will be written. Core dumps have been disabled. To enable core dumping, try "ulimit -c unlimited" before starting Java again
#
# If you would like to submit a bug report, please visit:
#   http://www.azul.com/support/
#

---------------  S U M M A R Y ------------

Command Line: -Dfile.encoding=UTF8 -ea -Xmx1024m 

Host: MacBookPro18,3 arm64 1 MHz, 8 cores, 16G, Darwin 21.3.0
Time: Mon Aug  1 15:31:36 2022 KST elapsed time: 18.364521 seconds (0d 0h 0m 18s)

---------------  T H R E A D  ---------------

Current thread (0x000000011504a600):  JavaThread "C1 CompilerThread0" daemon [_thread_in_native, id=39939, stack(0x0000000293064000,0x0000000293267000)]


Current CompileTask:
C1:  18364 1938       2      