#
# A fatal error has been detected by the Java Runtime Environment:
#
#  SIGSEGV (0xb) at pc=0x00000001011855ac, pid=20804, tid=27907
#
# JRE version: OpenJDK Runtime Environment Zulu15.40+19-CA (15.0.7+4) (build 15.0.7+4-MTS)
# Java VM: OpenJDK 64-Bit Server VM Zulu15.40+19-CA (15.0.7+4-MTS, mixed mode, tiered, compressed oops, g1 gc, bsd-aarch64)
# Problematic frame:
# C  [Python3+0x1495ac]  collect+0x200
#
# No core dump will be written. Core dumps have been disabled. To enable core dumping, try "ulimit -c unlimited" before starting Java again
#
# If you would like to submit a bug report, please visit:
#   http://www.azul.com/support/
# The crash happened outside the Java Virtual Machine in native code.
# See problematic frame for where to report the bug.
#

---------------  S U M M A R Y ------------

Command Line: -Dfile.encoding=UTF8 -ea -Xmx1024m 

Host: MacBookPro18,3 arm64 1 MHz, 8 cores, 16G, Darwin 21.3.0
Time: Mon Aug  1 18:15:41 2022 KST elapsed time: 0.167908 seconds (0d 0h 0m 0s)

---------------  T H R E A D  ---------------

Current thread (0x0000000122945600):  JavaThread "Python Reference Queue" daemon [_thread_in_native, id=27907, stack(0x000000028fc4c000,0x000000028fe4f000)]

Stack: [0x000000028fc4c000,0x000000028fe4f000],  sp=0x000000028fe4e790,  free space=2057k
Native frames: (J=compiled Java code, A=aot compiled Java code, j=interpreted, Vv=VM code, C=native code)
C  [Python3+0x1495ac]  collect+0x200
C  [Python3+0x149310]  PyGC_Collect+0x78
C  [_jpype.cpython-38-darwin.so+0x1c5dc]  JPGarbageCollection::triggered()+0x38
C  [_jpype.cpython-38-darwin.so+0x28e10]  Java_org_jpype_ref_JPypeReferenceNative_wake+0x1c
j  org.jpype.ref.JPypeReferenceNative.wake()V+0
j  org.jpype.ref.JPypeReferenceQueue$Worker.run()V+42
j  java.lang.Thread.run()V+11 java.base@15.0.7
v  ~StubRoutines::call_stub
V  [libjvm.dylib+0x3e00a4]  JavaCalls::call_helper(JavaValue*, methodHandle const&, JavaCallArguments*, Thread*)+0x324
V  [libjvm.dylib+0x3df17c]  JavaCalls::call_virtual(JavaValue*, Klass*, Symbol*, Symbol*, JavaCallArguments*, Thread*)+0xf8
V  [libjvm.dylib+0x3df244]  JavaCalls::call_virtual(JavaValue*, Handle, Klass*, Symbol*, Symbol*, Thread*)+0x64
V  [libjvm.dylib+0x48e83c]  thread_entry(JavaThread*, Thread*)+0xbc
V  [libjvm.dylib+0x8cb660]  JavaThread::thread_main_inner()+0xa0
V  [libjvm.dylib+0x8c8b5c]  Thread::call_run()+0x88
V  [libjvm.dylib+0x711b78]  thread_native_entry(Thread*)+0x1d0
C  [libsystem_pthread.dylib+0x7240]  _pthread_start+0x94

Java frames: (J=compiled Java code, j=interpreted, Vv=VM code)
j  org.jpype.ref.JPypeReferenceNative.wake()V+0
j  org.jpype.ref.JPypeReferenceQueue$Worker.run()V+42
j  java.lang.Thread.run()V+11 java.base@15.0.7
v  ~StubRoutines::call_stub

siginfo: si_signo: 11 (SIGSEGV), si_code: 2 (SEGV_ACCERR), si_addr: 0x000000016d66a1b8

Register to memory mapping:

 x0=0x000000016d690870 is pointing into the stack for thread: 0x0000000122450600
 x1=0x000000028fe4e8f8 is pointing into the stack for thread: 0x0000000122945600
 x2=0x000000028fe4e8f0 is pointing into the stack for thread: 0x0000000122945600
 x3=0x0 is NULL
 x4=0x0000000000006e03 is an unknown value
 x5=0x0 is NULL
 x6=0x0000000000000001 is an unknown value
 x7=0x00000000004c4758 is an unknown value
 x8=