#
# A fatal error has been detected by the Java Runtime Environment:
#
#  SIGSEGV (0xb) at pc=0x0000000173f69e04, pid=12879, tid=39171
#
# JRE version: OpenJDK Runtime Environment Zulu15.40+19-CA (15.0.7+4) (build 15.0.7+4-MTS)
# Java VM: OpenJDK 64-Bit Server VM Zulu15.40+19-CA (15.0.7+4-MTS, mixed mode, tiered, compressed oops, g1 gc, bsd-aarch64)
# Problematic frame:
# V  [libjvm.dylib+0x131e04]  BlockBegin::BlockBegin(int)+0xdc
#
# No core dump will be written. Core dumps have been disabled. To enable core dumping, try "ulimit -c unlimited" before starting Java again
#
# If you would like to submit a bug report, please visit:
#   http://www.azul.com/support/
#

---------------  S U M M A R Y ------------

Command Line: -Dfile.encoding=UTF8 -ea -Xmx1024m 

Host: MacBookPro18,3 arm64 1 MHz, 8 cores, 16G, Darwin 21.3.0
Time: Mon Aug  1 15:24:32 2022 KST elapsed time: 0.027653 seconds (0d 0h 0m 0s)

---------------  T H R E A D  ---------------

Current thread (0x000000016d83cc00):  JavaThread "C1 CompilerThread0" daemon [_thread_in_native, id=39171, stack(0x000000017f7ac000,0x000000017f9af000)]


Current CompileTask:
C1:     27   36   !   3      